
Showing logs for build [32mcb-kubecd-environment-pr-158-36-fx9s4-1[0m stage [32mfrom-build-pack[0m and container [32mstep-credential-initializer-dv8b7[0m
{"level":"warn","ts":1581772536.0429096,"logger":"fallback-logger","caller":"logging/config.go:69","msg":"Fetch GitHub commit ID from kodata failed: \"ref: refs/heads/0.8.0-**-support-backwards-incompats\" is not a valid GitHub commit ID"}
{"level":"info","ts":1581772536.0431733,"logger":"fallback-logger","caller":"creds-init/main.go:40","msg":"Credentials initialized."}

Showing logs for build [32mcb-kubecd-environment-pr-158-36-fx9s4-1[0m stage [32mfrom-build-pack[0m and container [32mstep-working-dir-initializer-krlrr[0m
{"level":"warn","ts":1581772537.0544887,"logger":"fallback-logger","caller":"logging/config.go:69","msg":"Fetch GitHub commit ID from kodata failed: open /var/run/ko/HEAD: no such file or directory"}
{"level":"info","ts":1581772537.0552778,"logger":"fallback-logger","caller":"bash/main.go:64","msg":"Successfully executed command \"sh -c mkdir -p /workspace/source\"; output "}

Showing logs for build [32mcb-kubecd-environment-pr-158-36-fx9s4-1[0m stage [32mfrom-build-pack[0m and container [32mstep-place-tools[0m

Showing logs for build [32mcb-kubecd-environment-pr-158-36-fx9s4-1[0m stage [32mfrom-build-pack[0m and container [32mstep-git-source-cb-kubecd-environment-pr-158-36-fx9s4-8wbwm[0m
{"level":"warn","ts":1581772541.100913,"logger":"fallback-logger","caller":"logging/config.go:69","msg":"Fetch GitHub commit ID from kodata failed: \"ref: refs/heads/0.8.0-**-support-backwards-incompats\" is not a valid GitHub commit ID"}
{"level":"info","ts":1581772541.2750254,"logger":"fallback-logger","caller":"git/git.go:103","msg":"Successfully cloned https://github.com/cb-kubecd/environment-pr-158-36-boot-eks-staging.git @ master in path /workspace/source"}

Showing logs for build [32mcb-kubecd-environment-pr-158-36-fx9s4-1[0m stage [32mfrom-build-pack[0m and container [32mstep-git-merge[0m
Using SHAs from PULL_REFS=master:cbf6a5795caa76b9eec0dcd4ec57f6883ca4620b,2:a9d8efe8620dbb943d41742260cab9638b5544bf
DEBUG: LC_ALL=C JX_LOG_LEVEL=error git fetch origin --unshallow a9d8efe8620dbb943d41742260cab9638b5544bf: cbf6a5795caa76b9eec0dcd4ec57f6883ca4620b:
DEBUG: ran git fetch --unshallow origin a9d8efe8620dbb943d41742260cab9638b5544bf: cbf6a5795caa76b9eec0dcd4ec57f6883ca4620b: in 
DEBUG: LC_ALL=C JX_LOG_LEVEL=error git branch
DEBUG: LC_ALL=C JX_LOG_LEVEL=error git checkout master
DEBUG: ran git checkout master in 
DEBUG: LC_ALL=C JX_LOG_LEVEL=error git reset --hard cbf6a5795caa76b9eec0dcd4ec57f6883ca4620b
DEBUG: ran git reset --hard cbf6a5795caa76b9eec0dcd4ec57f6883ca4620b in 
DEBUG: LC_ALL=C JX_LOG_LEVEL=error git clean -fd .
DEBUG: ran clean --force -d . in 
DEBUG: JX_LOG_LEVEL=error LC_ALL=C git merge a9d8efe8620dbb943d41742260cab9638b5544bf
DEBUG: ran git merge a9d8efe8620dbb943d41742260cab9638b5544bf in 
DEBUG: JX_LOG_LEVEL=error LC_ALL=C git log --format=%H%x1f%an%x1f%ae%x1f%cn%x1f%ce%x1f%s%n%b%x1e cbf6a5795caa76b9eec0dcd4ec57f6883ca4620b..HEAD
Merged SHA a9d8efe8620dbb943d41742260cab9638b5544bf with commit message 'chore: Promote bdd-nh-1581771917 to version 0.0.1' into base branch master

Showing logs for build [32mcb-kubecd-environment-pr-158-36-fx9s4-1[0m stage [32mfrom-build-pack[0m and container [32mstep-build-helm-build[0m
WARNING: No $CHART_REPOSITORY defined so using the default value of: http://jenkins-x-chartmuseum:8080
Adding missing Helm repo: storage.googleapis.com https://storage.googleapis.com/chartmuseum.jenkins-x.io
WARNING: No secrets found on "helm/repos" due: reading the secret "helm/repos" from vault: no secret "helm/repos" not found in vault
Read credentials for https://storage.googleapis.com/chartmuseum.jenkins-x.io from vault helm/repos
Successfully added Helm repository storage.googleapis.com.
Adding missing Helm repo: jenkins-x-chartmuseum http://jenkins-x-chartmuseum:8080
WARNING: No secrets found on "helm/repos" due: reading the secret "helm/repos" from vault: no secret "helm/repos" not found in vault
Read credentials for http://jenkins-x-chartmuseum:8080 from vault helm/repos
Successfully added Helm repository jenkins-x-chartmuseum.
WARNING: No $CHART_REPOSITORY defined so using the default value of: http://jenkins-x-chartmuseum:8080
Adding missing Helm repo: chartmuseum.jenkins-x.io http://chartmuseum.jenkins-x.io
WARNING: No secrets found on "helm/repos" due: reading the secret "helm/repos" from vault: no secret "helm/repos" not found in vault
Read credentials for http://chartmuseum.jenkins-x.io from vault helm/repos
Successfully added Helm repository chartmuseum.jenkins-x.io.
